1540521640271	mozrunner::runner	INFO	Running command: "C:\\Program Files\\Mozilla Firefox\\firefox.exe" "-marionette" "-foreground" "-no-remote" "-profile" "C:\\Users\\blake\\AppData\\Local\\Temp\\rust_mozprofile.JlNCONMLz1f2"
1540521645106	Marionette	INFO	Listening on port 62435
1540521645345	Marionette	WARN	TLS certificate errors will be ignored for this session
JavaScript warning: https://www.pbi.uq.edu.au/script/Kendo/2015.1.408/jquery.min.js, line 1: Using //@ to indicate sourceMappingURL pragmas is deprecated. Use //# instead
console.error: "TypeError: this.onSelected is not a function: onDetachedFront@resource://devtools/shared/base-loader.js -> resource://devtools/client/inspector/computed/computed.js:1461:5\nemit@resource://devtools/shared/base-loader.js -> resource://devtools/shared/event-emitter.js:178:15\nemit@resource://devtools/shared/base-loader.js -> resource://devtools/shared/event-emitter.js:255:5\n_onMutations@resource://devtools/shared/base-loader.js -> resource://devtools/client/framework/selection.js:105:7\nemit@resource://devtools/shared/ba[Parent 12464, Gecko_IOThread] WARNING: pipe error: 109: file z:/build/build/src/ipc/chromium/src/chrome/common/ipc_channel_win.cc, line 346
[Child 15336, Chrome_ChildThread] WARNING: pipe error: 109: file z:/build/build/src/ipc/chromium/src/chrome/common/ipc_channel_win.cc, line 346
[Child 15336, Chrome_ChildThread] WARNING: pipe error: 109: fA content process crashed and MOZ_CRASHREPORTER_SHUTDOWN is set, shutting down
[Parent 12464, Gecko_IOThread] WARNING: pipe error: 109: file z:/build/build/src/ipc/chromium/src/chrome/common/ipc_channel_win.cc, line 346
JavaScript error: resource:///modules/sessionstore/SessionSaver.jsm, line 180: NS_ERROR_FAILURE: Component returned failure code: 0x80004005 (NS_ERROR_FAILURE) [nsIAppShellService.hiddenDOMWindow]
1540530179131	Marionette	INFO	Stopped listening on port 62524

###!!! [Child][MessageChannel::SendAndWait] Error: Channel error: cannot send/recv

NING: pipe error: 109: file z:/build/build/src/ipc/chromium/src/chrome/common/ipc_channel_win.cc, line 346
[Child 14392, Chrome_ChildThread] WARNING: pipe error: 109: file z:/build/build/src/ipc/chromium/src/chrome/common/ipc_channel_win.cc, line 346
[Child 14392, Chrome_ChildThread] WARNING: piA content process crashed and MOZ_CRASHREPORTER_SHUTDOWN is set, shutting down
[Parent 11552, Gecko_IOThread] WARNING: pipe error: 109: file z:/build/build/src/ipc/chromium/src/chrome/common/ipc_channel_win.cc, line 346
JavaScript error: resource:///modules/sessionstore/SessionSaver.jsm, line 180: NS_ERROR_FAILURE: Component returned failure code: 0x80004005 (NS_ERROR_FAILURE) [nsIAppShellService.hiddenDOMWindow]
1540530181510	Marionette	INFO	Stopped listening on port 62592

###!!! [Child][MessageChannel::SendAndWait] Error: Channel error: cannot send/recv

chrome/common/ipc_channel_win.cc, line 346
[Child 18576, Cconsole.error: "Tried to send a 'tabDetached' event on an already destroyed actor 'frameTarget'"
[Parent 15908, Gecko_IOThread] WARNING: pipe error: 109: file z:/build/build/src/ipc/chromium/src/chrome/common/ipc_channel_win.cc, line 346
[Child 12788, Chrome_ChildThread] WARNING: pipe error: 109: file z:/build/build/src/ipc/chromium/src/chrome/common/ipc_channel_win.cc, line 346
[Child 12788, A content process crashed and MOZ_CRASHREPORTER_SHUTDOWN is set, shutting down
1540530182995	Marionette	INFO	Stopped listening on port 62435

###!!! [Child][MessageChannel::SendAndWait] Error: Channel error: cannot send/recv

um/src/chrome/common/ipc_channel_win.cc, line 346
[Child 19232, Chrome_ChildThread] WARNING: pipe error: 109: file z:/build/build/src/ipc/chromium/srA content process crashed and MOZ_CRASHREPORTER_SHUTDOWN is set, shutting down
[Parent 14744, Gecko_IOThread] WARNING: pipe error: 109: file z:/build/build/src/ipc/chromium/src/chrome/common/ipc_channel_win.cc, line 346
1540530183229	Marionette	INFO	Stopped listening on port 62734

###!!! [Child][MessageChannel::SendAndWait] Error: Channel error: cannot send/recv

 [Child][MessageChannel::SendAndWait] Error: Channel error: cannot send/recv

 line 1: Using //@ to indicate sourceMappingURL pragmas is deprecated. Use //# instead
[Parent 12080, Gecko_IOThread] WARNING: pipe error: 109: file z:/build/build/src/ipc/chromium/src/chrome/common/ipc_channel_win.cc, line 346
[Child 19924, Chrome_ChildThread] WARNING: pipe error: 109: file z:/build/build/src/ipc/chromium/src/chrome/common/ipc_channel_win.cc, line 346
[Child 19924, Chrome_ChildThread] WARNING: pipe error: 109: file z:[Parent 12080, Gecko_IOThread] WARNING: pipe error: 109: file z:/build/build/src/ipc/chromium/src/chrome/common/ipc_channel_win.cc, line 346
1540530178151	Marionette	INFO	Stopped listening on port 51622

###!!! [Child][MessageChannel::SendAndWait] Error: Channel error: cannot send/recv

Using //@ to indicate sourceMappingURL pragmas is deprecated. Use //# instead
JavaScript warning: https://learn.uq.edu.au/groupjs/34048C95CFE348DA126451CC6950A60A.js?v=3300.0.3-rel.41+a9e64de, line 6179: Using //@ to indicate sourceMappingURL pragmas is deprecated. Use //# instead
JavaScript warning: https://learn.uq.edu.au/groupjs/34048C95CFE348DA126451CC6950A60A.js?v=3300.0.3-rel.41+a9e64de, line 6179: Using //@ to indicate sourceMappingURL pragmas is deprecated. Use //# instead
JavaScript warning: https://learn.uq.edu.au/groupjs/34048C95CFE348DA126451CC6950A60A.js?v=3300.0.3-rel.41+a9e64de, line 6179: Using //@ to indicate sourceMappingURL pragmas is deprecated. Use //# instead
JavaScript error: https://learn.uq.edu.au/js/course-settings.js?v=3300.0.3-rel.41+a9e64de, line 1: SyntaxError: expected expression, got '<'
[Parent 9232, Gecko_IOThread] WARNING: pipe error: 109: file z:/build/build/src/ipc/chromium/src/chrome/common/ipc_channel_win.cc, line 346
[Child 11660, Chrome_ChildThread] WARNING: pipe error: 109: file z:/build/build/src/ipc/chromium/src/chrome/common/ipc_channel_win.cc, line 346
[Child 11660, Chrome_ChildThread] WARNING: pipe error: 109: file z:/build/buil[Parent 9232, Gecko_IOThread] WARNING: pipe error: 109: file z:/build/build/src/ipc/chromium/src/chrome/common/ipc_channel_win.cc, line 346
[Parent 9232, Gecko_IOThread] WARNIN[Parent 4940, Gecko_IOThread] WARNING: pipe error: 109: file z:/build/build/src/ipc/chromium/src/chrome/common/ipc_channel_win.cc, line 346
[Parent 4940, Gecko_IOThread] WARNING: pipe error: 109: file z:/build/build/src/ipc/chromium/src/chrome/common/ipc_channel_win.cc, line 346
[Child 7556, Chrome_ChildThread] WARNING: pipe error: 109: file z:/build/build/src/ipc/chromium/src/chrome/c1540530177926	Marionette	INFO	Stopped listening on port 51753

###!!! [Child][MessageChannel::SendAndWait] Error: Channel error: cannot send/recv

src/chrome/common/ipc_channel_win.cc, line 346
[Child 13632, [Parent 4940, Gecko_IOThread] WARNING: pipe error: 109: file z:/build/build/src/ipc/chromium/src/chrome/common/ipc_channel_win.cc, line 346
1540530177658	Marionette	INFO	Stopped listening on port 53980
[GPU 14800, Chrome_ChildThread] WARNING: pipe error: 109: file z:/build/build/src/ipc/chromium/src/chrome/common/ipc_channel_win.cc, line 346

###!!! [Child][Me1540530178905	Marionette	INFO	Stopped listening on port 54120
[GPU 1776, Chrome_ChildThread] WARNING: pipe error: 109: file z:/build/build/src/ipc/chromium/src/chrome/common/ipc_channel_win.cc, line 346

###!!! [Child][MessageChannel::SendAndWait] Error: Channel error: cannot send/recv

c/chromium/src/chrome/common/ipc_channel_win.cc, line 346
[Child 2060, Chrome_ChildThread] WARNING: pipe error: 109: file z:/build/build/src/ipc/chromium/src/chrome/common/ipc_channel_win.cc, line 346
[Parent 19180, Gecko_IOThread] WARNING: pipe error: 109: file z:/build/build/src/ipc/chromium/src/chrome/common/ipc_channel_win.cc, line 346
[Child 8344, Chrome_ChildThread] WARNING: pipe error: 109: file z:/build/build/src/ipc/chromium/src/chrome/common/ipc_channel_win.cc, line 346
[Parent 19180, Gecko_IOThread] WARNING: pipe error: 109: file z:/build/build/src/ipc/chromium/src/chrome/common/ipc_channel_win.cc, line 346
1540530178176	Marionette	INFO	Stopped listening on port 54303

###!!! [Child][MessageChannel::SendAndWait] Error: Channel error: cannot send/recv

: pipe error: 109: file z:/build/build/src/ipc/chromium/src/chrome/common/ipc_channel_win.cc, line 346
[Child 3056, Chrome_ChildThread] WARNING: pipe error: 109: file z:/build/build/src/ipc/chromium/src/chrome/common/ipc_channel_win.cc, line 346
[Parent 13796, Gecko_IOThread] WARNING: pipe error: 109: file z:/build/build/src/ipc/chromium/src/chrome/common/ipc_channel_win.cc, line 346
[Parent 13796, Gecko_IOThread] WARNING: pipe error: 109: file z:/build/build/src/ipc/chromium/src/chrome/common/ipc_channel_win.cc, line 346
[Child 19664, Chrome_ChildThread] WARNING: pipe error: 109: file z:/build/build/src/ipc/chromium/src/chrome/common/ipc_channel_win.cc, line 346
1540530178174	Marionette	INFO	Stopped listening on port 54569

###!!! [Child][MessageChannel::SendAndWait] Error: Channel error: cannot send/recv

1540530694796	mozrunner::runner	INFO	Running command: "C:\\Program Files\\Mozilla Firefox\\firefox.exe" "-marionette" "-foreground" "-no-remote" "-profile" "C:\\Users\\blake\\AppData\\Local\\Temp\\rust_mozprofile.prkG1QnvJwRJ"
1540530698022	Marionette	INFO	Listening on port 58526
1540530698181	Marionette	WARN	TLS certificate errors will be ignored for this session
JavaScript warning: https://www.pbi.uq.edu.au/script/Kendo/2015.1.408/jquery.min.js, line 1: Using //@ to indicate sourceMappingURL pragmas is deprecated. Use //# instead
[Parent 19468, Gecko_IOThread] WARNING: pipe error: 109: file z:/build/build/src/ipc/chromium/src/chrome/common/ipc_channel_win.cc, line 346
[Child 18852, Chrome_ChildThread] WARNING: pipe error: 109: file z:/build/build/src/ipc/chromium/src/chrome/common/ipc_channel_win.cc, line 346
[Child 18852, Chrome_ChildThread] WARNING: pipe error: 109: file z:/build/build/src/[Parent 19468, Gecko_IOThread] WARNING: pipe error: 109: file z:/build/build/src/ipc/chromium/src/chrome/common/ipc_channel_win.cc, line 346
1540531851673	Marionette	INFO	Stopped listening on port 58526

###!!! [Child][RunMessage] Error: Channel closing: too late to send/recv, messages will be lost

[GPU 10488,
###!!! [Child][MessageChannel::SendAndWait] Error: Channel error: cannot send/recv

um/src/chrome/common/ipc_channel_win.cc, line 346
[Child 9144, Chrome_ChildThread] WARNING: pipe error: 109: file z:/build/build/src/ipc/chromium/src/chrome/common/ipc_channel_win.cc, line 346
[Parent 22224, Gecko_IOThread] WARNING: pipe error: 109: file z:/build/build/src/ipc/chromium/src/chrome/common/ipc_channel_win.cc, line 346
[Parent 22224, Gecko_IOThread] WARNING: pipe error: 109: file z:/build/build/src/ipc/chromium/src/chrome/common/ipc_channel_win.cc, line 346
1540531850267	Marionette	INFO	Stopped listening on port 58929

###!!! [Child][RunMessage] Error: Channel closing: too late to send/recv, messages will be lost

[GPU 5424, Chrome_ChildT
###!!! [Child][MessageChannel::SendAndWait] Error: Channel error: cannot send/recv

, Gecko_IOThread] WARNING: pipe error: 109: file z:/build/build/src/ipc/chromium/src/chrome/common/ipc_channel_win.cc, line 346
[Child 12336, Chrome_ChildThread] WARNING: pipe error: 109: file z:/build/build/src/ipc/chromium/src/chrome/common/ipc_channel_win.cc, line 346
[Child 12336, Chrome_ChildThread] WARNING: pipe error: 1540531849417	Marionette	INFO	Stopped listening on port 59496

###!!! [Child][RunMessage] Error: Channel closing: too late to send/recv, messages will be lost

[GPU 1080
###!!! [Child][MessageChannel::SendAndWait] Error: Channel error: cannot send/recv

ARNING: pipe error: 109: file z:/build/build/src/ipc/chromium/src/chrome/common/ipc_channel_win.cc, line 346
1540531848436	Marionette	INFO	Stopped listening on port 59645
[GPU
###!!! [Child][RunMessage] Error: Channel closing: too late to send/recv, messages will be lost

 12708, Chr
###!!! [Child][MessageChannel::SendAndWait] Error: Channel error: cannot send/recv

/chromium/src/chrome/common/ipc_channel_win.cc, line 346
[Child 21868, Chrome_ChildThread] WARNING: pipe error: 109: file z:/build/build/src/ipc/chromium/src/chrome/common/ipc_channel_win.cc, line 346
[Child 21868, Chrome_ChildThread] WARNIN[Parent 14500, Gecko_IOThread] WARNING: pipe error: 109: file z:/build/build/src/ipc/chromium/src/chrome/common/ipc_channel_win.cc, line 346
[Child 21552, Chrome_ChildThread] WARNING: pipe error: 109: file z:/build/build/src/ipc/chromium/src/chrome/common/ipc_channel_win.cc, line 346
[Child 21551540531846279	Marionette	INFO	Stopped listening on port 59821

###!!! [Child][RunMessage] Error: Channel closing: too late to send/recv, messages will be lost

[GPU 17820, Chrome_ChildThread] WARNING: pipe error: 109: file 
###!!! [Child][MessageChannel::SendAndWait] Error: Channel error: cannot send/recv

1540531874315	mozrunner::runner	INFO	Running command: "C:\\Program Files\\Mozilla Firefox\\firefox.exe" "-marionette" "-foreground" "-no-remote" "-profile" "C:\\Users\\blake\\AppData\\Local\\Temp\\rust_mozprofile.QwSXE3wuClrq"
1540531877647	Marionette	INFO	Listening on port 60536
1540531877673	Marionette	WARN	TLS certificate errors will be ignored for this session
JavaScript warning: https://www.pbi.uq.edu.au/script/Kendo/2015.1.408/jquery.min.js, line 1: Using //@ to indicate sourceMappingURL pragmas is deprecated. Use //# instead
[Parent 7436, Gecko_IOThread] WARNING: pipe error: 109: file z:/build/build/src/ipc/chromium/src/chrome/common/ipc_channel_win.cc, line 346
[Child 16024, Chrome_ChildThread] WARNING: pipe error: 109: file z:/build/build/src/ipc/chromium/src/chrome/common/ipc_channel_win.cc, line 346
[Child 16024, Chrome_ChildThread] WARNING: pipe error: 109: f[Parent 7436, Gecko_IOThread] WARNING: pipe error: 109: file z:/build/build/src/ipc/chromium/src/chrome/common/ipc_channel_win.cc, line 346
[Child 4876, Chrome_ChildThread] WARNING: pipe error: 109: file z:/build/build/src/ipc/chromium/src/chrome/common/ipc_channel_win.cc, line 346
[Child 4876,[Parent 7436, Gecko_IOThread] WARNING: pipe error: 109: file z:/build/build/src/ipc/chromium/src/chrome/common/ipc_channel_win.cc, line 346
1540533618583	Marionette	INFO	Stopped listening on port 60536

###!!! [Child][RunMessage] Error: Channel closing: too late to send/recv, messages will be lost

[GP
###!!! [Child][MessageChannel::SendAndWait] Error: Channel error: cannot send/recv

g on port 60829
[GPU 21756, Chrome_ChildThread] WARNING: pipe 
###!!! [Child][MessageChannel::SendAndWait] Error: Channel error: cannot send/recv

